# JRE version: OpenJDK Runtime Environment (21.0.8+9) (build 21.0.8+9-Ubuntu-0ubuntu125.04.1)
# Java VM: OpenJDK 64-Bit Server VM (21.0.8+9-Ubuntu-0ubuntu125.04.1, mixed mode, sharing, tiered, compressed oops, compressed class ptrs, g1 gc, linux-amd64)
GC Precious Log:
 CardTable entry size: 512
 Card Set container configuration: InlinePtr #cards 5 size 8 Array Of Cards #cards 12 size 40 Howl #buckets 4 coarsen threshold 1843 Howl Bitmap #cards 512 size 80 coarsen threshold 460 Card regions per heap region 1 cards per card region 2048
 CPUs: 12 total, 12 available
 Memory: 38733M
 Large Page Support: Disabled
 NUMA Support: Disabled
 Compressed Oops: Enabled (32-bit)
 Heap Region Size: 1M
 Heap Min Capacity: 8M
 Heap Initial Capacity: 606M
 Heap Max Capacity: 2G
 Pre-touch: Disabled
 Parallel Workers: 10
 Concurrent Workers: 3
 Concurrent Refinement Workers: 10
 Periodic GC: Disabled
Heap:
 garbage-first heap   total 362496K, used 224887K [0x0000000080000000, 0x0000000100000000)
  region size 1024K, 76 young (77824K), 6 survivors (6144K)
 Metaspace       used 95699K, committed 97856K, reserved 1179648K
  class space    used 13240K, committed 14272K, reserved 1048576K
GC Heap History (20 events):
Event: 5.417 GC heap before
{Heap before GC invocations=3 (full 0):
 garbage-first heap   total 622592K, used 38206K [0x0000000080000000, 0x0000000100000000)
  region size 1024K, 27 young (27648K), 11 survivors (11264K)
 Metaspace       used 20938K, committed 21504K, reserved 1114112K
  class space    used 3059K, committed 3328K, reserved 1048576K
}
Event: 5.449 GC heap after
{Heap after GC invocations=4 (full 0):
 garbage-first heap   total 622592K, used 24468K [0x0000000080000000, 0x0000000100000000)
  region size 1024K, 13 young (13312K), 13 survivors (13312K)
 Metaspace       used 20938K, committed 21504K, reserved 1114112K
  class space    used 3059K, committed 3328K, reserved 1048576K
}
Event: 7.019 GC heap before
{Heap before GC invocations=5 (full 0):
 garbage-first heap   total 102400K, used 99220K [0x0000000080000000, 0x0000000100000000)
  region size 1024K, 60 young (61440K), 13 survivors (13312K)
 Metaspace       used 25425K, committed 26368K, reserved 1114112K
  class space    used 3835K, committed 4288K, reserved 1048576K
}
Event: 7.083 GC heap after
{Heap after GC invocations=6 (full 0):
 garbage-first heap   total 121856K, used 58063K [0x0000000080000000, 0x0000000100000000)
  region size 1024K, 19 young (19456K), 19 survivors (19456K)
 Metaspace       used 25425K, committed 26368K, reserved 1114112K
  class space    used 3835K, committed 4288K, reserved 1048576K
}
Event: 8.263 GC heap before
{Heap before GC invocations=6 (full 0):
 garbage-first heap   total 121856K, used 92879K [0x0000000080000000, 0x0000000100000000)
  region size 1024K, 53 young (54272K), 19 survivors (19456K)
 Metaspace       used 29524K, committed 30464K, reserved 1114112K
  class space    used 4453K, committed 4928K, reserved 1048576K
}
Event: 8.318 GC heap after
{Heap after GC invocations=7 (full 0):
 garbage-first heap   total 121856K, used 62709K [0x0000000080000000, 0x0000000100000000)
  region size 1024K, 5 young (5120K), 5 survivors (5120K)
 Metaspace       used 29524K, committed 30464K, reserved 1114112K
  class space    used 4453K, committed 4928K, reserved 1048576K
}
Event: 9.522 GC heap before
{Heap before GC invocations=7 (full 0):
 garbage-first heap   total 121856K, used 104693K [0x0000000080000000, 0x0000000100000000)
  region size 1024K, 47 young (48128K), 5 survivors (5120K)
 Metaspace       used 34842K, committed 35840K, reserved 1114112K
  class space    used 4988K, committed 5504K, reserved 1048576K
}
Event: 9.554 GC heap after
{Heap after GC invocations=8 (full 0):
 garbage-first heap   total 121856K, used 66276K [0x0000000080000000, 0x0000000100000000)
  region size 1024K, 6 young (6144K), 6 survivors (6144K)
 Metaspace       used 34842K, committed 35840K, reserved 1114112K
  class space    used 4988K, committed 5504K, reserved 1048576K
}
Event: 10.975 GC heap before
{Heap before GC invocations=9 (full 0):
 garbage-first heap   total 121856K, used 110308K [0x0000000080000000, 0x0000000100000000)
  region size 1024K, 45 young (46080K), 6 survivors (6144K)
 Metaspace       used 39553K, committed 40896K, reserved 1114112K
  class space    used 5622K, committed 6272K, reserved 1048576K
}
Event: 11.002 GC heap after
{Heap after GC invocations=10 (full 0):
 garbage-first heap   total 371712K, used 69629K [0x0000000080000000, 0x0000000100000000)
  region size 1024K, 6 young (6144K), 6 survivors (6144K)
 Metaspace       used 39553K, committed 40896K, reserved 1114112K
  class space    used 5622K, committed 6272K, reserved 1048576K
}
Event: 14.374 GC heap before
{Heap before GC invocations=10 (full 0):
 garbage-first heap   total 371712K, used 287741K [0x0000000080000000, 0x0000000100000000)
  region size 1024K, 217 young (222208K), 6 survivors (6144K)
 Metaspace       used 50412K, committed 52032K, reserved 1114112K
  class space    used 7340K, committed 8128K, reserved 1048576K
}
Event: 14.389 GC heap after
{Heap after GC invocations=11 (full 0):
 garbage-first heap   total 371712K, used 81468K [0x0000000080000000, 0x0000000100000000)
  region size 1024K, 16 young (16384K), 16 survivors (16384K)
 Metaspace       used 50412K, committed 52032K, reserved 1114112K
  class space    used 7340K, committed 8128K, reserved 1048576K
}
Event: 17.717 GC heap before
{Heap before GC invocations=11 (full 0):
 garbage-first heap   total 371712K, used 245308K [0x0000000080000000, 0x0000000100000000)
  region size 1024K, 162 young (165888K), 16 survivors (16384K)
 Metaspace       used 58252K, committed 59968K, reserved 1114112K
  class space    used 8254K, committed 9088K, reserved 1048576K
}
Event: 17.762 GC heap after
{Heap after GC invocations=12 (full 0):
 garbage-first heap   total 371712K, used 102962K [0x0000000080000000, 0x0000000100000000)
  region size 1024K, 20 young (20480K), 20 survivors (20480K)
 Metaspace       used 58252K, committed 59968K, reserved 1114112K
  class space    used 8254K, committed 9088K, reserved 1048576K
}
Event: 24.429 GC heap before
{Heap before GC invocations=13 (full 0):
 garbage-first heap   total 348160K, used 290354K [0x0000000080000000, 0x0000000100000000)
  region size 1024K, 204 young (208896K), 20 survivors (20480K)
 Metaspace       used 75724K, committed 77760K, reserved 1179648K
  class space    used 10600K, committed 11584K, reserved 1048576K
}
Event: 24.511 GC heap after
{Heap after GC invocations=14 (full 0):
 garbage-first heap   total 348160K, used 115100K [0x0000000080000000, 0x0000000100000000)
  region size 1024K, 20 young (20480K), 20 survivors (20480K)
 Metaspace       used 75724K, committed 77760K, reserved 1179648K
  class space    used 10600K, committed 11584K, reserved 1048576K
}
Event: 27.124 GC heap before
{Heap before GC invocations=14 (full 0):
 garbage-first heap   total 348160K, used 321948K [0x0000000080000000, 0x0000000100000000)
  region size 1024K, 204 young (208896K), 20 survivors (20480K)
 Metaspace       used 84355K, committed 86528K, reserved 1179648K
  class space    used 11751K, committed 12800K, reserved 1048576K
}
Event: 27.138 GC heap after
{Heap after GC invocations=15 (full 0):
 garbage-first heap   total 362496K, used 145112K [0x0000000080000000, 0x0000000100000000)
  region size 1024K, 19 young (19456K), 19 survivors (19456K)
 Metaspace       used 84355K, committed 86528K, reserved 1179648K
  class space    used 11751K, committed 12800K, reserved 1048576K
}
Event: 28.214 GC heap before
{Heap before GC invocations=15 (full 0):
 garbage-first heap   total 362496K, used 222936K [0x0000000080000000, 0x0000000100000000)
  region size 1024K, 96 young (98304K), 19 survivors (19456K)
 Metaspace       used 91468K, committed 93632K, reserved 1179648K
  class space    used 12630K, committed 13696K, reserved 1048576K
}
Event: 28.225 GC heap after
{Heap after GC invocations=16 (full 0):
 garbage-first heap   total 362496K, used 151159K [0x0000000080000000, 0x0000000100000000)
  region size 1024K, 6 young (6144K), 6 survivors (6144K)
 Metaspace       used 91468K, committed 93632K, reserved 1179648K
  class space    used 12630K, committed 13696K, reserved 1048576K
}

